


ARM Macro Assembler    Page 1 


    1 00000000         ;/******************************************************
                       ***********************
    2 00000000         ; * @file:    startup_LPC17xx.s
    3 00000000         ; * @purpose: CMSIS Cortex-M3 Core Device Startup File
    4 00000000         ; *           for the NXP LPC17xx Device Series
    5 00000000         ; * @version: V1.03
    6 00000000         ; * @date:    09. February 2010
    7 00000000         ; *------- <<< Use Configuration Wizard in Context Menu 
                       >>> ------------------
    8 00000000         ; *
    9 00000000         ; * Copyright (C) 2010 ARM Limited. All rights reserved.
                       
   10 00000000         ; * ARM Limited (ARM) is supplying this software for use
                        with Cortex-M3
   11 00000000         ; * processor based microcontrollers.  This file can be 
                       freely distributed
   12 00000000         ; * within development tools that are supporting such AR
                       M based processors.
   13 00000000         ; *
   14 00000000         ; * THIS SOFTWARE IS PROVIDED "AS IS".  NO WARRANTIES, W
                       HETHER EXPRESS, IMPLIED
   15 00000000         ; * OR STATUTORY, INCLUDING, BUT NOT LIMITED TO, IMPLIED
                        WARRANTIES OF
   16 00000000         ; * MERCHANTABILITY AND FITNESS FOR A PARTICULAR PURPOSE
                        APPLY TO THIS SOFTWARE.
   17 00000000         ; * ARM SHALL NOT, IN ANY CIRCUMSTANCES, BE LIABLE FOR S
                       PECIAL, INCIDENTAL, OR
   18 00000000         ; * CONSEQUENTIAL DAMAGES, FOR ANY REASON WHATSOEVER.
   19 00000000         ; *
   20 00000000         ; ******************************************************
                       ***********************/
   21 00000000         
   22 00000000         
   23 00000000         ; <h> Stack Configuration
   24 00000000         ;   <o> Stack Size (in Bytes) <0x0-0xFFFFFFFF:8>
   25 00000000         ; </h>
   26 00000000         
   27 00000000 00000400 
                       Stack_Size
                               EQU              0x00000400
   28 00000000         
   29 00000000                 AREA             STACK, NOINIT, READWRITE, ALIGN
=3
   30 00000000         Stack_Mem
                               SPACE            Stack_Size
   31 00000400         __initial_sp
   32 00000400         
   33 00000400         
   34 00000400         ; <h> Heap Configuration
   35 00000400         ;   <o>  Heap Size (in Bytes) <0x0-0xFFFFFFFF:8>
   36 00000400         ; </h>
   37 00000400         
   38 00000400         ;Heap_Size       EQU     0x00002000
   39 00000400 00007500 
                       Heap_Size
                               EQU              0x00007500
   40 00000400         
   41 00000400                 AREA             HEAP, NOINIT, READWRITE, ALIGN=
3



ARM Macro Assembler    Page 2 


   42 00000000         __heap_base
   43 00000000         Heap_Mem
                               SPACE            Heap_Size
   44 00007500         __heap_limit
   45 00007500         
   46 00007500         
   47 00007500                 PRESERVE8
   48 00007500                 THUMB
   49 00007500         
   50 00007500         
   51 00007500         ; Vector Table Mapped to Address 0 at Reset
   52 00007500         
   53 00007500                 AREA             RESET, DATA, READONLY
   54 00000000                 EXPORT           __Vectors
   55 00000000         
   56 00000000 00000000 
                       __Vectors
                               DCD              __initial_sp ; Top of Stack
   57 00000004 00000000        DCD              Reset_Handler ; Reset Handler
   58 00000008 00000000        DCD              NMI_Handler ; NMI Handler
   59 0000000C 00000000        DCD              HardFault_Handler ; Hard Fault 
                                                            Handler
   60 00000010 00000000        DCD              MemManage_Handler 
                                                            ; MPU Fault Handler
                                                            
   61 00000014 00000000        DCD              BusFault_Handler 
                                                            ; Bus Fault Handler
                                                            
   62 00000018 00000000        DCD              UsageFault_Handler ; Usage Faul
                                                            t Handler
   63 0000001C 00000000        DCD              0           ; Reserved
   64 00000020 00000000        DCD              0           ; Reserved
   65 00000024 00000000        DCD              0           ; Reserved
   66 00000028 00000000        DCD              0           ; Reserved
   67 0000002C 00000000        DCD              SVC_Handler ; SVCall Handler
   68 00000030 00000000        DCD              DebugMon_Handler ; Debug Monito
                                                            r Handler
   69 00000034 00000000        DCD              0           ; Reserved
   70 00000038 00000000        DCD              PendSV_Handler ; PendSV Handler
                                                            
   71 0000003C 00000000        DCD              SysTick_Handler 
                                                            ; SysTick Handler
   72 00000040         
   73 00000040         ; External Interrupts
   74 00000040 00000000        DCD              WDT_IRQHandler ; 16: Watchdog T
                                                            imer
   75 00000044 00000000        DCD              TIMER0_IRQHandler ; 17: Timer0
   76 00000048 00000000        DCD              TIMER1_IRQHandler ; 18: Timer1
   77 0000004C 00000000        DCD              TIMER2_IRQHandler ; 19: Timer2
   78 00000050 00000000        DCD              TIMER3_IRQHandler ; 20: Timer3
   79 00000054 00000000        DCD              UART0_IRQHandler ; 21: UART0
   80 00000058 00000000        DCD              UART1_IRQHandler ; 22: UART1
   81 0000005C 00000000        DCD              UART2_IRQHandler ; 23: UART2
   82 00000060 00000000        DCD              UART3_IRQHandler ; 24: UART3
   83 00000064 00000000        DCD              PWM1_IRQHandler ; 25: PWM1
   84 00000068 00000000        DCD              I2C0_IRQHandler ; 26: I2C0
   85 0000006C 00000000        DCD              I2C1_IRQHandler ; 27: I2C1
   86 00000070 00000000        DCD              I2C2_IRQHandler ; 28: I2C2
   87 00000074 00000000        DCD              SPI_IRQHandler ; 29: SPI



ARM Macro Assembler    Page 3 


   88 00000078 00000000        DCD              SSP0_IRQHandler ; 30: SSP0
   89 0000007C 00000000        DCD              SSP1_IRQHandler ; 31: SSP1
   90 00000080 00000000        DCD              PLL0_IRQHandler ; 32: PLL0 Lock
                                                             (Main PLL)
   91 00000084 00000000        DCD              RTC_IRQHandler ; 33: Real Time 
                                                            Clock
   92 00000088 00000000        DCD              EINT0_IRQHandler ; 34: External
                                                             Interrupt 0
   93 0000008C 00000000        DCD              EINT1_IRQHandler ; 35: External
                                                             Interrupt 1
   94 00000090 00000000        DCD              EINT2_IRQHandler ; 36: External
                                                             Interrupt 2
   95 00000094 00000000        DCD              EINT3_IRQHandler ; 37: External
                                                             Interrupt 3
   96 00000098 00000000        DCD              ADC_IRQHandler 
                                                            ; 38: A/D Converter
                                                            
   97 0000009C 00000000        DCD              BOD_IRQHandler ; 39: Brown-Out 
                                                            Detect
   98 000000A0 00000000        DCD              USB_IRQHandler ; 40: USB
   99 000000A4 00000000        DCD              CAN_IRQHandler ; 41: CAN
  100 000000A8 00000000        DCD              DMA_IRQHandler ; 42: General Pu
                                                            rpose DMA
  101 000000AC 00000000        DCD              I2S_IRQHandler ; 43: I2S
  102 000000B0 00000000        DCD              ENET_IRQHandler ; 44: Ethernet
  103 000000B4 00000000        DCD              RIT_IRQHandler ; 45: Repetitive
                                                             Interrupt Timer
  104 000000B8 00000000        DCD              MCPWM_IRQHandler ; 46: Motor Co
                                                            ntrol PWM
  105 000000BC 00000000        DCD              QEI_IRQHandler ; 47: Quadrature
                                                             Encoder Interface
  106 000000C0 00000000        DCD              PLL1_IRQHandler ; 48: PLL1 Lock
                                                             (USB PLL)
  107 000000C4 00000000        DCD              USBActivity_IRQHandler ; 49: US
                                                            B Activity interrup
                                                            t to wakeup
  108 000000C8 00000000        DCD              CANActivity_IRQHandler ; 50: CA
                                                            N Activity interrup
                                                            t to wakeup
  109 000000CC         
  110 000000CC         
  111 000000CC                 IF               :LNOT::DEF:NO_CRP
  112 000000CC                 AREA             |.ARM.__at_0x02FC|, CODE, READO
NLY
  113 00000000 FFFFFFFF 
                       CRP_Key DCD              0xFFFFFFFF
  114 00000004                 ENDIF
  115 00000004         
  116 00000004         
  117 00000004                 AREA             |.text|, CODE, READONLY
  118 00000000         
  119 00000000         ; Reset Handler
  120 00000000         
  121 00000000         Reset_Handler
                               PROC
  122 00000000                 EXPORT           Reset_Handler             [WEAK
]
  123 00000000                 IMPORT           SystemInit
  124 00000000                 IMPORT           __main



ARM Macro Assembler    Page 4 


  125 00000000 4806            LDR              R0, =SystemInit
  126 00000002 4780            BLX              R0
  127 00000004         
  128 00000004                 IMPORT           _stack
  129 00000004         ; LDR  R1, =_stack  ; read address of globvar into R1
  130 00000004         ; LDR  R0, [R1]       ; load value of globvar
  131 00000004         ; LDR  R2, =Stack_Size
  132 00000004         ; LDR  R0, [R2]
  133 00000004         ; STR  R0, [R1]       ; store new value into globvar
  134 00000004         
  135 00000004         ; LDR  R1, =_stack   ; read address of globvar into R1
  136 00000004         ; LDR  R0, [R1]       ; load value of globvar
  137 00000004         ; ADD  R0, R0, #2
  138 00000004         ; STR  R0, [R1]       ; store new value into globvar
  139 00000004         
  140 00000004         ; LDR     R0, =  Heap_Mem
  141 00000004         ; LDR     R1, =(Stack_Mem + Stack_Size)
  142 00000004         ; LDR     R2, = (Heap_Mem +  Heap_Size)
  143 00000004         ; LDR     R3, = Stack_Mem
  144 00000004         ; BX      LR
  145 00000004         
  146 00000004 4806            LDR              R0, =__main
  147 00000006 4700            BX               R0
  148 00000008                 ENDP
  149 00000008         
  150 00000008         ; Dummy Exception Handlers (infinite loops which can be 
                       modified)
  151 00000008         
  152 00000008         NMI_Handler
                               PROC
  153 00000008                 EXPORT           NMI_Handler               [WEAK
]
  154 00000008 E7FE            B                .
  155 0000000A                 ENDP
  157 0000000A         HardFault_Handler
                               PROC
  158 0000000A                 EXPORT           HardFault_Handler         [WEAK
]
  159 0000000A E7FE            B                .
  160 0000000C                 ENDP
  162 0000000C         MemManage_Handler
                               PROC
  163 0000000C                 EXPORT           MemManage_Handler         [WEAK
]
  164 0000000C E7FE            B                .
  165 0000000E                 ENDP
  167 0000000E         BusFault_Handler
                               PROC
  168 0000000E                 EXPORT           BusFault_Handler          [WEAK
]
  169 0000000E E7FE            B                .
  170 00000010                 ENDP
  172 00000010         UsageFault_Handler
                               PROC
  173 00000010                 EXPORT           UsageFault_Handler        [WEAK
]
  174 00000010 E7FE            B                .
  175 00000012                 ENDP
  176 00000012         SVC_Handler



ARM Macro Assembler    Page 5 


                               PROC
  177 00000012                 EXPORT           SVC_Handler               [WEAK
]
  178 00000012 E7FE            B                .
  179 00000014                 ENDP
  181 00000014         DebugMon_Handler
                               PROC
  182 00000014                 EXPORT           DebugMon_Handler          [WEAK
]
  183 00000014 E7FE            B                .
  184 00000016                 ENDP
  185 00000016         PendSV_Handler
                               PROC
  186 00000016                 EXPORT           PendSV_Handler            [WEAK
]
  187 00000016 E7FE            B                .
  188 00000018                 ENDP
  189 00000018         SysTick_Handler
                               PROC
  190 00000018                 EXPORT           SysTick_Handler           [WEAK
]
  191 00000018 E7FE            B                .
  192 0000001A                 ENDP
  193 0000001A         
  194 0000001A         Default_Handler
                               PROC
  195 0000001A         
  196 0000001A                 EXPORT           WDT_IRQHandler            [WEAK
]
  197 0000001A                 EXPORT           TIMER0_IRQHandler         [WEAK
]
  198 0000001A                 EXPORT           TIMER1_IRQHandler         [WEAK
]
  199 0000001A                 EXPORT           TIMER2_IRQHandler         [WEAK
]
  200 0000001A                 EXPORT           TIMER3_IRQHandler         [WEAK
]
  201 0000001A                 EXPORT           UART0_IRQHandler          [WEAK
]
  202 0000001A                 EXPORT           UART1_IRQHandler          [WEAK
]
  203 0000001A                 EXPORT           UART2_IRQHandler          [WEAK
]
  204 0000001A                 EXPORT           UART3_IRQHandler          [WEAK
]
  205 0000001A                 EXPORT           PWM1_IRQHandler           [WEAK
]
  206 0000001A                 EXPORT           I2C0_IRQHandler           [WEAK
]
  207 0000001A                 EXPORT           I2C1_IRQHandler           [WEAK
]
  208 0000001A                 EXPORT           I2C2_IRQHandler           [WEAK
]
  209 0000001A                 EXPORT           SPI_IRQHandler            [WEAK
]
  210 0000001A                 EXPORT           SSP0_IRQHandler           [WEAK
]
  211 0000001A                 EXPORT           SSP1_IRQHandler           [WEAK
]



ARM Macro Assembler    Page 6 


  212 0000001A                 EXPORT           PLL0_IRQHandler           [WEAK
]
  213 0000001A                 EXPORT           RTC_IRQHandler            [WEAK
]
  214 0000001A                 EXPORT           EINT0_IRQHandler          [WEAK
]
  215 0000001A                 EXPORT           EINT1_IRQHandler          [WEAK
]
  216 0000001A                 EXPORT           EINT2_IRQHandler          [WEAK
]
  217 0000001A                 EXPORT           EINT3_IRQHandler          [WEAK
]
  218 0000001A                 EXPORT           ADC_IRQHandler            [WEAK
]
  219 0000001A                 EXPORT           BOD_IRQHandler            [WEAK
]
  220 0000001A                 EXPORT           USB_IRQHandler            [WEAK
]
  221 0000001A                 EXPORT           CAN_IRQHandler            [WEAK
]
  222 0000001A                 EXPORT           DMA_IRQHandler            [WEAK
]
  223 0000001A                 EXPORT           I2S_IRQHandler            [WEAK
]
  224 0000001A                 EXPORT           ENET_IRQHandler           [WEAK
]
  225 0000001A                 EXPORT           RIT_IRQHandler            [WEAK
]
  226 0000001A                 EXPORT           MCPWM_IRQHandler          [WEAK
]
  227 0000001A                 EXPORT           QEI_IRQHandler            [WEAK
]
  228 0000001A                 EXPORT           PLL1_IRQHandler           [WEAK
]
  229 0000001A                 EXPORT           USBActivity_IRQHandler   [WEAK]
  230 0000001A                 EXPORT           CANActivity_IRQHandler   [WEAK]
  231 0000001A         
  232 0000001A         WDT_IRQHandler
  233 0000001A         TIMER0_IRQHandler
  234 0000001A         TIMER1_IRQHandler
  235 0000001A         TIMER2_IRQHandler
  236 0000001A         TIMER3_IRQHandler
  237 0000001A         UART0_IRQHandler
  238 0000001A         UART1_IRQHandler
  239 0000001A         UART2_IRQHandler
  240 0000001A         UART3_IRQHandler
  241 0000001A         PWM1_IRQHandler
  242 0000001A         I2C0_IRQHandler
  243 0000001A         I2C1_IRQHandler
  244 0000001A         I2C2_IRQHandler
  245 0000001A         SPI_IRQHandler
  246 0000001A         SSP0_IRQHandler
  247 0000001A         SSP1_IRQHandler
  248 0000001A         PLL0_IRQHandler
  249 0000001A         RTC_IRQHandler
  250 0000001A         EINT0_IRQHandler
  251 0000001A         EINT1_IRQHandler
  252 0000001A         EINT2_IRQHandler
  253 0000001A         EINT3_IRQHandler



ARM Macro Assembler    Page 7 


  254 0000001A         ADC_IRQHandler
  255 0000001A         BOD_IRQHandler
  256 0000001A         USB_IRQHandler
  257 0000001A         CAN_IRQHandler
  258 0000001A         DMA_IRQHandler
  259 0000001A         I2S_IRQHandler
  260 0000001A         ENET_IRQHandler
  261 0000001A         RIT_IRQHandler
  262 0000001A         MCPWM_IRQHandler
  263 0000001A         QEI_IRQHandler
  264 0000001A         PLL1_IRQHandler
  265 0000001A         USBActivity_IRQHandler
  266 0000001A         CANActivity_IRQHandler
  267 0000001A         
  268 0000001A E7FE            B                .
  269 0000001C         
  270 0000001C                 ENDP
  271 0000001C         
  272 0000001C         
  273 0000001C                 ALIGN
  274 0000001C         
  275 0000001C         
  276 0000001C         ; User Initial Stack & Heap
  277 0000001C         
  278 0000001C                 IF               :DEF:__MICROLIB
  279 0000001C         
  280 0000001C                 EXPORT           __initial_sp
  281 0000001C                 EXPORT           __heap_base
  282 0000001C                 EXPORT           __heap_limit
  283 0000001C         
  284 0000001C                 ELSE
  298                          ENDIF
  299 0000001C         
  300 0000001C         
  301 0000001C                 END
              00000000 
              00000000 
Command Line: --debug --xref --cpu=Cortex-M3 --apcs=interwork --depend=.\Obj\st
artup_LPC17xx.d -o.\Obj\startup_LPC17xx.o -ID:\Wojtek\HyLandTiger\Keil\ARM\RV31
\Inc -ID:\Wojtek\HyLandTiger\Keil\ARM\CMSIS\Include -ID:\Wojtek\HyLandTiger\Kei
l\ARM\Inc\NXP\LPC17xx --predefine="__EVAL SETA 1" --predefine="__MICROLIB SETA 
1" --list=.\List\startup_LPC17xx.lst ..\Source\Platform\LPC17xx\startup\arm\sta
rtup_LPC17xx.s



ARM Macro Assembler    Page 1 Alphabetic symbol ordering
Relocatable symbols

STACK 00000000

Symbol: STACK
   Definitions
      At line 29 in file ..\Source\Platform\LPC17xx\startup\arm\startup_LPC17xx
.s
   Uses
      None
Comment: STACK unused
Stack_Mem 00000000

Symbol: Stack_Mem
   Definitions
      At line 30 in file ..\Source\Platform\LPC17xx\startup\arm\startup_LPC17xx
.s
   Uses
      None
Comment: Stack_Mem unused
__initial_sp 00000400

Symbol: __initial_sp
   Definitions
      At line 31 in file ..\Source\Platform\LPC17xx\startup\arm\startup_LPC17xx
.s
   Uses
      At line 56 in file ..\Source\Platform\LPC17xx\startup\arm\startup_LPC17xx
.s
      At line 280 in file ..\Source\Platform\LPC17xx\startup\arm\startup_LPC17x
x.s

3 symbols



ARM Macro Assembler    Page 1 Alphabetic symbol ordering
Relocatable symbols

HEAP 00000000

Symbol: HEAP
   Definitions
      At line 41 in file ..\Source\Platform\LPC17xx\startup\arm\startup_LPC17xx
.s
   Uses
      None
Comment: HEAP unused
Heap_Mem 00000000

Symbol: Heap_Mem
   Definitions
      At line 43 in file ..\Source\Platform\LPC17xx\startup\arm\startup_LPC17xx
.s
   Uses
      None
Comment: Heap_Mem unused
__heap_base 00000000

Symbol: __heap_base
   Definitions
      At line 42 in file ..\Source\Platform\LPC17xx\startup\arm\startup_LPC17xx
.s
   Uses
      At line 281 in file ..\Source\Platform\LPC17xx\startup\arm\startup_LPC17x
x.s
Comment: __heap_base used once
__heap_limit 00007500

Symbol: __heap_limit
   Definitions
      At line 44 in file ..\Source\Platform\LPC17xx\startup\arm\startup_LPC17xx
.s
   Uses
      At line 282 in file ..\Source\Platform\LPC17xx\startup\arm\startup_LPC17x
x.s
Comment: __heap_limit used once
4 symbols



ARM Macro Assembler    Page 1 Alphabetic symbol ordering
Relocatable symbols

RESET 00000000

Symbol: RESET
   Definitions
      At line 53 in file ..\Source\Platform\LPC17xx\startup\arm\startup_LPC17xx
.s
   Uses
      None
Comment: RESET unused
__Vectors 00000000

Symbol: __Vectors
   Definitions
      At line 56 in file ..\Source\Platform\LPC17xx\startup\arm\startup_LPC17xx
.s
   Uses
      At line 54 in file ..\Source\Platform\LPC17xx\startup\arm\startup_LPC17xx
.s
Comment: __Vectors used once
2 symbols



ARM Macro Assembler    Page 1 Alphabetic symbol ordering
Relocatable symbols

.ARM.__at_0x02FC 00000000

Symbol: .ARM.__at_0x02FC
   Definitions
      At line 112 in file ..\Source\Platform\LPC17xx\startup\arm\startup_LPC17x
x.s
   Uses
      None
Comment: .ARM.__at_0x02FC unused
CRP_Key 00000000

Symbol: CRP_Key
   Definitions
      At line 113 in file ..\Source\Platform\LPC17xx\startup\arm\startup_LPC17x
x.s
   Uses
      None
Comment: CRP_Key unused
2 symbols



ARM Macro Assembler    Page 1 Alphabetic symbol ordering
Relocatable symbols

.text 00000000

Symbol: .text
   Definitions
      At line 117 in file ..\Source\Platform\LPC17xx\startup\arm\startup_LPC17x
x.s
   Uses
      None
Comment: .text unused
ADC_IRQHandler 0000001A

Symbol: ADC_IRQHandler
   Definitions
      At line 254 in file ..\Source\Platform\LPC17xx\startup\arm\startup_LPC17x
x.s
   Uses
      At line 96 in file ..\Source\Platform\LPC17xx\startup\arm\startup_LPC17xx
.s
      At line 218 in file ..\Source\Platform\LPC17xx\startup\arm\startup_LPC17x
x.s

BOD_IRQHandler 0000001A

Symbol: BOD_IRQHandler
   Definitions
      At line 255 in file ..\Source\Platform\LPC17xx\startup\arm\startup_LPC17x
x.s
   Uses
      At line 97 in file ..\Source\Platform\LPC17xx\startup\arm\startup_LPC17xx
.s
      At line 219 in file ..\Source\Platform\LPC17xx\startup\arm\startup_LPC17x
x.s

BusFault_Handler 0000000E

Symbol: BusFault_Handler
   Definitions
      At line 167 in file ..\Source\Platform\LPC17xx\startup\arm\startup_LPC17x
x.s
   Uses
      At line 61 in file ..\Source\Platform\LPC17xx\startup\arm\startup_LPC17xx
.s
      At line 168 in file ..\Source\Platform\LPC17xx\startup\arm\startup_LPC17x
x.s

CANActivity_IRQHandler 0000001A

Symbol: CANActivity_IRQHandler
   Definitions
      At line 266 in file ..\Source\Platform\LPC17xx\startup\arm\startup_LPC17x
x.s
   Uses
      At line 108 in file ..\Source\Platform\LPC17xx\startup\arm\startup_LPC17x
x.s
      At line 230 in file ..\Source\Platform\LPC17xx\startup\arm\startup_LPC17x
x.s

CAN_IRQHandler 0000001A




ARM Macro Assembler    Page 2 Alphabetic symbol ordering
Relocatable symbols

Symbol: CAN_IRQHandler
   Definitions
      At line 257 in file ..\Source\Platform\LPC17xx\startup\arm\startup_LPC17x
x.s
   Uses
      At line 99 in file ..\Source\Platform\LPC17xx\startup\arm\startup_LPC17xx
.s
      At line 221 in file ..\Source\Platform\LPC17xx\startup\arm\startup_LPC17x
x.s

DMA_IRQHandler 0000001A

Symbol: DMA_IRQHandler
   Definitions
      At line 258 in file ..\Source\Platform\LPC17xx\startup\arm\startup_LPC17x
x.s
   Uses
      At line 100 in file ..\Source\Platform\LPC17xx\startup\arm\startup_LPC17x
x.s
      At line 222 in file ..\Source\Platform\LPC17xx\startup\arm\startup_LPC17x
x.s

DebugMon_Handler 00000014

Symbol: DebugMon_Handler
   Definitions
      At line 181 in file ..\Source\Platform\LPC17xx\startup\arm\startup_LPC17x
x.s
   Uses
      At line 68 in file ..\Source\Platform\LPC17xx\startup\arm\startup_LPC17xx
.s
      At line 182 in file ..\Source\Platform\LPC17xx\startup\arm\startup_LPC17x
x.s

Default_Handler 0000001A

Symbol: Default_Handler
   Definitions
      At line 194 in file ..\Source\Platform\LPC17xx\startup\arm\startup_LPC17x
x.s
   Uses
      None
Comment: Default_Handler unused
EINT0_IRQHandler 0000001A

Symbol: EINT0_IRQHandler
   Definitions
      At line 250 in file ..\Source\Platform\LPC17xx\startup\arm\startup_LPC17x
x.s
   Uses
      At line 92 in file ..\Source\Platform\LPC17xx\startup\arm\startup_LPC17xx
.s
      At line 214 in file ..\Source\Platform\LPC17xx\startup\arm\startup_LPC17x
x.s

EINT1_IRQHandler 0000001A

Symbol: EINT1_IRQHandler
   Definitions



ARM Macro Assembler    Page 3 Alphabetic symbol ordering
Relocatable symbols

      At line 251 in file ..\Source\Platform\LPC17xx\startup\arm\startup_LPC17x
x.s
   Uses
      At line 93 in file ..\Source\Platform\LPC17xx\startup\arm\startup_LPC17xx
.s
      At line 215 in file ..\Source\Platform\LPC17xx\startup\arm\startup_LPC17x
x.s

EINT2_IRQHandler 0000001A

Symbol: EINT2_IRQHandler
   Definitions
      At line 252 in file ..\Source\Platform\LPC17xx\startup\arm\startup_LPC17x
x.s
   Uses
      At line 94 in file ..\Source\Platform\LPC17xx\startup\arm\startup_LPC17xx
.s
      At line 216 in file ..\Source\Platform\LPC17xx\startup\arm\startup_LPC17x
x.s

EINT3_IRQHandler 0000001A

Symbol: EINT3_IRQHandler
   Definitions
      At line 253 in file ..\Source\Platform\LPC17xx\startup\arm\startup_LPC17x
x.s
   Uses
      At line 95 in file ..\Source\Platform\LPC17xx\startup\arm\startup_LPC17xx
.s
      At line 217 in file ..\Source\Platform\LPC17xx\startup\arm\startup_LPC17x
x.s

ENET_IRQHandler 0000001A

Symbol: ENET_IRQHandler
   Definitions
      At line 260 in file ..\Source\Platform\LPC17xx\startup\arm\startup_LPC17x
x.s
   Uses
      At line 102 in file ..\Source\Platform\LPC17xx\startup\arm\startup_LPC17x
x.s
      At line 224 in file ..\Source\Platform\LPC17xx\startup\arm\startup_LPC17x
x.s

HardFault_Handler 0000000A

Symbol: HardFault_Handler
   Definitions
      At line 157 in file ..\Source\Platform\LPC17xx\startup\arm\startup_LPC17x
x.s
   Uses
      At line 59 in file ..\Source\Platform\LPC17xx\startup\arm\startup_LPC17xx
.s
      At line 158 in file ..\Source\Platform\LPC17xx\startup\arm\startup_LPC17x
x.s

I2C0_IRQHandler 0000001A

Symbol: I2C0_IRQHandler



ARM Macro Assembler    Page 4 Alphabetic symbol ordering
Relocatable symbols

   Definitions
      At line 242 in file ..\Source\Platform\LPC17xx\startup\arm\startup_LPC17x
x.s
   Uses
      At line 84 in file ..\Source\Platform\LPC17xx\startup\arm\startup_LPC17xx
.s
      At line 206 in file ..\Source\Platform\LPC17xx\startup\arm\startup_LPC17x
x.s

I2C1_IRQHandler 0000001A

Symbol: I2C1_IRQHandler
   Definitions
      At line 243 in file ..\Source\Platform\LPC17xx\startup\arm\startup_LPC17x
x.s
   Uses
      At line 85 in file ..\Source\Platform\LPC17xx\startup\arm\startup_LPC17xx
.s
      At line 207 in file ..\Source\Platform\LPC17xx\startup\arm\startup_LPC17x
x.s

I2C2_IRQHandler 0000001A

Symbol: I2C2_IRQHandler
   Definitions
      At line 244 in file ..\Source\Platform\LPC17xx\startup\arm\startup_LPC17x
x.s
   Uses
      At line 86 in file ..\Source\Platform\LPC17xx\startup\arm\startup_LPC17xx
.s
      At line 208 in file ..\Source\Platform\LPC17xx\startup\arm\startup_LPC17x
x.s

I2S_IRQHandler 0000001A

Symbol: I2S_IRQHandler
   Definitions
      At line 259 in file ..\Source\Platform\LPC17xx\startup\arm\startup_LPC17x
x.s
   Uses
      At line 101 in file ..\Source\Platform\LPC17xx\startup\arm\startup_LPC17x
x.s
      At line 223 in file ..\Source\Platform\LPC17xx\startup\arm\startup_LPC17x
x.s

MCPWM_IRQHandler 0000001A

Symbol: MCPWM_IRQHandler
   Definitions
      At line 262 in file ..\Source\Platform\LPC17xx\startup\arm\startup_LPC17x
x.s
   Uses
      At line 104 in file ..\Source\Platform\LPC17xx\startup\arm\startup_LPC17x
x.s
      At line 226 in file ..\Source\Platform\LPC17xx\startup\arm\startup_LPC17x
x.s

MemManage_Handler 0000000C




ARM Macro Assembler    Page 5 Alphabetic symbol ordering
Relocatable symbols

Symbol: MemManage_Handler
   Definitions
      At line 162 in file ..\Source\Platform\LPC17xx\startup\arm\startup_LPC17x
x.s
   Uses
      At line 60 in file ..\Source\Platform\LPC17xx\startup\arm\startup_LPC17xx
.s
      At line 163 in file ..\Source\Platform\LPC17xx\startup\arm\startup_LPC17x
x.s

NMI_Handler 00000008

Symbol: NMI_Handler
   Definitions
      At line 152 in file ..\Source\Platform\LPC17xx\startup\arm\startup_LPC17x
x.s
   Uses
      At line 58 in file ..\Source\Platform\LPC17xx\startup\arm\startup_LPC17xx
.s
      At line 153 in file ..\Source\Platform\LPC17xx\startup\arm\startup_LPC17x
x.s

PLL0_IRQHandler 0000001A

Symbol: PLL0_IRQHandler
   Definitions
      At line 248 in file ..\Source\Platform\LPC17xx\startup\arm\startup_LPC17x
x.s
   Uses
      At line 90 in file ..\Source\Platform\LPC17xx\startup\arm\startup_LPC17xx
.s
      At line 212 in file ..\Source\Platform\LPC17xx\startup\arm\startup_LPC17x
x.s

PLL1_IRQHandler 0000001A

Symbol: PLL1_IRQHandler
   Definitions
      At line 264 in file ..\Source\Platform\LPC17xx\startup\arm\startup_LPC17x
x.s
   Uses
      At line 106 in file ..\Source\Platform\LPC17xx\startup\arm\startup_LPC17x
x.s
      At line 228 in file ..\Source\Platform\LPC17xx\startup\arm\startup_LPC17x
x.s

PWM1_IRQHandler 0000001A

Symbol: PWM1_IRQHandler
   Definitions
      At line 241 in file ..\Source\Platform\LPC17xx\startup\arm\startup_LPC17x
x.s
   Uses
      At line 83 in file ..\Source\Platform\LPC17xx\startup\arm\startup_LPC17xx
.s
      At line 205 in file ..\Source\Platform\LPC17xx\startup\arm\startup_LPC17x
x.s

PendSV_Handler 00000016



ARM Macro Assembler    Page 6 Alphabetic symbol ordering
Relocatable symbols


Symbol: PendSV_Handler
   Definitions
      At line 185 in file ..\Source\Platform\LPC17xx\startup\arm\startup_LPC17x
x.s
   Uses
      At line 70 in file ..\Source\Platform\LPC17xx\startup\arm\startup_LPC17xx
.s
      At line 186 in file ..\Source\Platform\LPC17xx\startup\arm\startup_LPC17x
x.s

QEI_IRQHandler 0000001A

Symbol: QEI_IRQHandler
   Definitions
      At line 263 in file ..\Source\Platform\LPC17xx\startup\arm\startup_LPC17x
x.s
   Uses
      At line 105 in file ..\Source\Platform\LPC17xx\startup\arm\startup_LPC17x
x.s
      At line 227 in file ..\Source\Platform\LPC17xx\startup\arm\startup_LPC17x
x.s

RIT_IRQHandler 0000001A

Symbol: RIT_IRQHandler
   Definitions
      At line 261 in file ..\Source\Platform\LPC17xx\startup\arm\startup_LPC17x
x.s
   Uses
      At line 103 in file ..\Source\Platform\LPC17xx\startup\arm\startup_LPC17x
x.s
      At line 225 in file ..\Source\Platform\LPC17xx\startup\arm\startup_LPC17x
x.s

RTC_IRQHandler 0000001A

Symbol: RTC_IRQHandler
   Definitions
      At line 249 in file ..\Source\Platform\LPC17xx\startup\arm\startup_LPC17x
x.s
   Uses
      At line 91 in file ..\Source\Platform\LPC17xx\startup\arm\startup_LPC17xx
.s
      At line 213 in file ..\Source\Platform\LPC17xx\startup\arm\startup_LPC17x
x.s

Reset_Handler 00000000

Symbol: Reset_Handler
   Definitions
      At line 121 in file ..\Source\Platform\LPC17xx\startup\arm\startup_LPC17x
x.s
   Uses
      At line 57 in file ..\Source\Platform\LPC17xx\startup\arm\startup_LPC17xx
.s
      At line 122 in file ..\Source\Platform\LPC17xx\startup\arm\startup_LPC17x
x.s




ARM Macro Assembler    Page 7 Alphabetic symbol ordering
Relocatable symbols

SPI_IRQHandler 0000001A

Symbol: SPI_IRQHandler
   Definitions
      At line 245 in file ..\Source\Platform\LPC17xx\startup\arm\startup_LPC17x
x.s
   Uses
      At line 87 in file ..\Source\Platform\LPC17xx\startup\arm\startup_LPC17xx
.s
      At line 209 in file ..\Source\Platform\LPC17xx\startup\arm\startup_LPC17x
x.s

SSP0_IRQHandler 0000001A

Symbol: SSP0_IRQHandler
   Definitions
      At line 246 in file ..\Source\Platform\LPC17xx\startup\arm\startup_LPC17x
x.s
   Uses
      At line 88 in file ..\Source\Platform\LPC17xx\startup\arm\startup_LPC17xx
.s
      At line 210 in file ..\Source\Platform\LPC17xx\startup\arm\startup_LPC17x
x.s

SSP1_IRQHandler 0000001A

Symbol: SSP1_IRQHandler
   Definitions
      At line 247 in file ..\Source\Platform\LPC17xx\startup\arm\startup_LPC17x
x.s
   Uses
      At line 89 in file ..\Source\Platform\LPC17xx\startup\arm\startup_LPC17xx
.s
      At line 211 in file ..\Source\Platform\LPC17xx\startup\arm\startup_LPC17x
x.s

SVC_Handler 00000012

Symbol: SVC_Handler
   Definitions
      At line 176 in file ..\Source\Platform\LPC17xx\startup\arm\startup_LPC17x
x.s
   Uses
      At line 67 in file ..\Source\Platform\LPC17xx\startup\arm\startup_LPC17xx
.s
      At line 177 in file ..\Source\Platform\LPC17xx\startup\arm\startup_LPC17x
x.s

SysTick_Handler 00000018

Symbol: SysTick_Handler
   Definitions
      At line 189 in file ..\Source\Platform\LPC17xx\startup\arm\startup_LPC17x
x.s
   Uses
      At line 71 in file ..\Source\Platform\LPC17xx\startup\arm\startup_LPC17xx
.s
      At line 190 in file ..\Source\Platform\LPC17xx\startup\arm\startup_LPC17x
x.s



ARM Macro Assembler    Page 8 Alphabetic symbol ordering
Relocatable symbols


TIMER0_IRQHandler 0000001A

Symbol: TIMER0_IRQHandler
   Definitions
      At line 233 in file ..\Source\Platform\LPC17xx\startup\arm\startup_LPC17x
x.s
   Uses
      At line 75 in file ..\Source\Platform\LPC17xx\startup\arm\startup_LPC17xx
.s
      At line 197 in file ..\Source\Platform\LPC17xx\startup\arm\startup_LPC17x
x.s

TIMER1_IRQHandler 0000001A

Symbol: TIMER1_IRQHandler
   Definitions
      At line 234 in file ..\Source\Platform\LPC17xx\startup\arm\startup_LPC17x
x.s
   Uses
      At line 76 in file ..\Source\Platform\LPC17xx\startup\arm\startup_LPC17xx
.s
      At line 198 in file ..\Source\Platform\LPC17xx\startup\arm\startup_LPC17x
x.s

TIMER2_IRQHandler 0000001A

Symbol: TIMER2_IRQHandler
   Definitions
      At line 235 in file ..\Source\Platform\LPC17xx\startup\arm\startup_LPC17x
x.s
   Uses
      At line 77 in file ..\Source\Platform\LPC17xx\startup\arm\startup_LPC17xx
.s
      At line 199 in file ..\Source\Platform\LPC17xx\startup\arm\startup_LPC17x
x.s

TIMER3_IRQHandler 0000001A

Symbol: TIMER3_IRQHandler
   Definitions
      At line 236 in file ..\Source\Platform\LPC17xx\startup\arm\startup_LPC17x
x.s
   Uses
      At line 78 in file ..\Source\Platform\LPC17xx\startup\arm\startup_LPC17xx
.s
      At line 200 in file ..\Source\Platform\LPC17xx\startup\arm\startup_LPC17x
x.s

UART0_IRQHandler 0000001A

Symbol: UART0_IRQHandler
   Definitions
      At line 237 in file ..\Source\Platform\LPC17xx\startup\arm\startup_LPC17x
x.s
   Uses
      At line 79 in file ..\Source\Platform\LPC17xx\startup\arm\startup_LPC17xx
.s
      At line 201 in file ..\Source\Platform\LPC17xx\startup\arm\startup_LPC17x



ARM Macro Assembler    Page 9 Alphabetic symbol ordering
Relocatable symbols

x.s

UART1_IRQHandler 0000001A

Symbol: UART1_IRQHandler
   Definitions
      At line 238 in file ..\Source\Platform\LPC17xx\startup\arm\startup_LPC17x
x.s
   Uses
      At line 80 in file ..\Source\Platform\LPC17xx\startup\arm\startup_LPC17xx
.s
      At line 202 in file ..\Source\Platform\LPC17xx\startup\arm\startup_LPC17x
x.s

UART2_IRQHandler 0000001A

Symbol: UART2_IRQHandler
   Definitions
      At line 239 in file ..\Source\Platform\LPC17xx\startup\arm\startup_LPC17x
x.s
   Uses
      At line 81 in file ..\Source\Platform\LPC17xx\startup\arm\startup_LPC17xx
.s
      At line 203 in file ..\Source\Platform\LPC17xx\startup\arm\startup_LPC17x
x.s

UART3_IRQHandler 0000001A

Symbol: UART3_IRQHandler
   Definitions
      At line 240 in file ..\Source\Platform\LPC17xx\startup\arm\startup_LPC17x
x.s
   Uses
      At line 82 in file ..\Source\Platform\LPC17xx\startup\arm\startup_LPC17xx
.s
      At line 204 in file ..\Source\Platform\LPC17xx\startup\arm\startup_LPC17x
x.s

USBActivity_IRQHandler 0000001A

Symbol: USBActivity_IRQHandler
   Definitions
      At line 265 in file ..\Source\Platform\LPC17xx\startup\arm\startup_LPC17x
x.s
   Uses
      At line 107 in file ..\Source\Platform\LPC17xx\startup\arm\startup_LPC17x
x.s
      At line 229 in file ..\Source\Platform\LPC17xx\startup\arm\startup_LPC17x
x.s

USB_IRQHandler 0000001A

Symbol: USB_IRQHandler
   Definitions
      At line 256 in file ..\Source\Platform\LPC17xx\startup\arm\startup_LPC17x
x.s
   Uses
      At line 98 in file ..\Source\Platform\LPC17xx\startup\arm\startup_LPC17xx
.s



ARM Macro Assembler    Page 10 Alphabetic symbol ordering
Relocatable symbols

      At line 220 in file ..\Source\Platform\LPC17xx\startup\arm\startup_LPC17x
x.s

UsageFault_Handler 00000010

Symbol: UsageFault_Handler
   Definitions
      At line 172 in file ..\Source\Platform\LPC17xx\startup\arm\startup_LPC17x
x.s
   Uses
      At line 62 in file ..\Source\Platform\LPC17xx\startup\arm\startup_LPC17xx
.s
      At line 173 in file ..\Source\Platform\LPC17xx\startup\arm\startup_LPC17x
x.s

WDT_IRQHandler 0000001A

Symbol: WDT_IRQHandler
   Definitions
      At line 232 in file ..\Source\Platform\LPC17xx\startup\arm\startup_LPC17x
x.s
   Uses
      At line 74 in file ..\Source\Platform\LPC17xx\startup\arm\startup_LPC17xx
.s
      At line 196 in file ..\Source\Platform\LPC17xx\startup\arm\startup_LPC17x
x.s

47 symbols



ARM Macro Assembler    Page 1 Alphabetic symbol ordering
Absolute symbols

Heap_Size 00007500

Symbol: Heap_Size
   Definitions
      At line 39 in file ..\Source\Platform\LPC17xx\startup\arm\startup_LPC17xx
.s
   Uses
      At line 43 in file ..\Source\Platform\LPC17xx\startup\arm\startup_LPC17xx
.s
Comment: Heap_Size used once
Stack_Size 00000400

Symbol: Stack_Size
   Definitions
      At line 27 in file ..\Source\Platform\LPC17xx\startup\arm\startup_LPC17xx
.s
   Uses
      At line 30 in file ..\Source\Platform\LPC17xx\startup\arm\startup_LPC17xx
.s
Comment: Stack_Size used once
2 symbols



ARM Macro Assembler    Page 1 Alphabetic symbol ordering
External symbols

SystemInit 00000000

Symbol: SystemInit
   Definitions
      At line 123 in file ..\Source\Platform\LPC17xx\startup\arm\startup_LPC17x
x.s
   Uses
      At line 125 in file ..\Source\Platform\LPC17xx\startup\arm\startup_LPC17x
x.s
Comment: SystemInit used once
__main 00000000

Symbol: __main
   Definitions
      At line 124 in file ..\Source\Platform\LPC17xx\startup\arm\startup_LPC17x
x.s
   Uses
      At line 146 in file ..\Source\Platform\LPC17xx\startup\arm\startup_LPC17x
x.s
Comment: __main used once
_stack 00000000

Symbol: _stack
   Definitions
      At line 128 in file ..\Source\Platform\LPC17xx\startup\arm\startup_LPC17x
x.s
   Uses
      None
Comment: _stack unused
3 symbols
399 symbols in table
